0 info it worked if it ends with ok
1 verbose cli [ '/usr/bin/node', '/usr/bin/npm', 'run', 'prod' ]
2 info using npm@3.5.2
3 info using node@v8.10.0
4 verbose run-script [ 'preprod', 'prod', 'postprod' ]
5 info lifecycle w_bid@0.0.1~preprod: w_bid@0.0.1
6 silly lifecycle w_bid@0.0.1~preprod: no script for preprod, continuing
7 info lifecycle w_bid@0.0.1~prod: w_bid@0.0.1
8 verbose lifecycle w_bid@0.0.1~prod: unsafe-perm in lifecycle true
9 verbose lifecycle w_bid@0.0.1~prod: PATH: /usr/share/npm/bin/node-gyp-bin:/var/wbidder/w_bid/node_modules/.bin:/usr/local/sbin:/usr/local/bin:/usr/sbin:/usr/bin:/sbin:/bin:/usr/games:/usr/local/games:/snap/bin
10 verbose lifecycle w_bid@0.0.1~prod: CWD: /var/wbidder/w_bid
11 silly lifecycle w_bid@0.0.1~prod: Args: [ '-c', 'NODE_ENV=production pm2 start server.js --update-env' ]
12 info lifecycle w_bid@0.0.1~prod: Failed to exec prod script
13 verbose stack Error: w_bid@0.0.1 prod: `NODE_ENV=production pm2 start server.js --update-env`
13 verbose stack spawn ENOENT
13 verbose stack     at ChildProcess.<anonymous> (/usr/share/npm/lib/utils/spawn.js:17:16)
13 verbose stack     at emitTwo (events.js:126:13)
13 verbose stack     at ChildProcess.emit (events.js:214:7)
13 verbose stack     at maybeClose (internal/child_process.js:925:16)
13 verbose stack     at Process.ChildProcess._handle.onexit (internal/child_process.js:209:5)
14 verbose pkgid w_bid@0.0.1
15 verbose cwd /var/wbidder/w_bid/app
16 error Linux 4.15.0-91-generic
17 error argv "/usr/bin/node" "/usr/bin/npm" "run" "prod"
18 error node v8.10.0
19 error npm  v3.5.2
20 error file sh
21 error code ELIFECYCLE
22 error errno ENOENT
23 error syscall spawn
24 error w_bid@0.0.1 prod: `NODE_ENV=production pm2 start server.js --update-env`
24 error spawn ENOENT
25 error Failed at the w_bid@0.0.1 prod script 'NODE_ENV=production pm2 start server.js --update-env'.
25 error Make sure you have the latest version of node.js and npm installed.
25 error If you do, this is most likely a problem with the w_bid package,
25 error not with npm itself.
25 error Tell the author that this fails on your system:
25 error     NODE_ENV=production pm2 start server.js --update-env
25 error You can get information on how to open an issue for this project with:
25 error     npm bugs w_bid
25 error Or if that isn't available, you can get their info via:
25 error     npm owner ls w_bid
25 error There is likely additional logging output above.
26 verbose exit [ 1, true ]
